Arguments: 
  C:\Program Files\nodejs\node.exe C:\Program Files (x86)\Yarn\bin\yarn.js init

PATH: 
  C:\Program Files\Git\mingw64\bin;C:\Program Files\Git\usr\bin;C:\Users\Ray Ouyang\bin;C:\Program Files\Docker\Docker\Resources\bin;C:\Program Files (x86)\NVIDIA Corporation\PhysX\Common;C:\Windows\system32;C:\Windows;C:\Windows\System32\Wbem;C:\Windows\System32\WindowsPowerShell\v1.0;C:\Windows\System32\OpenSSH;C:\Program Files\Intel\WiFi\bin;C:\Program Files\Common Files\Intel\WirelessCommon;C:\Go\bin;C:\Program Files\Git\cmd;C:\Program Files\Microsoft Windows Performance Toolkit;C:\Program Files (x86)\Yarn\bin;C:\Program Files\nodejs;C:\Program Files\Amazon\AWSCLI\bin;C:\Users\Ray Ouyang\scoop\apps\yarn\current\Yarn\bin;C:\Users\Ray Ouyang\scoop\persist\yarn\global\node_modules\.bin;C:\Users\Ray Ouyang\scoop\shims;C:\Users\Ray Ouyang\.windows-build-tools\python27;C:\Users\Ray Ouyang\AppData\Roaming\npm\node_modules\npm\node_modules\npm-lifecycle\node-gyp-bin;C:\Users\Ray Ouyang\AppData\Roaming\npm\node_modules\windows-build-tools\node_modules\.bin;C:\Users\Ray Ouyang\AppData\Roaming\npm\node_modules\.bin;C:\Users\Ray Ouyang\bin;C:\Program Files\Git\mingw64\bin;C:\Program Files\Git\usr\local\bin;C:\Program Files\Git\usr\bin;C:\Program Files\Git\usr\bin;C:\Program Files\Git\mingw64\bin;C:\Program Files\Git\usr\bin;C:\Users\Ray Ouyang\bin;C:\Program Files\Docker\Docker\Resources\bin;C:\Program Files (x86)\NVIDIA Corporation\PhysX\Common;C:\Windows\system32;C:\Windows;C:\Windows\System32\Wbem;C:\Windows\System32\WindowsPowerShell\v1.0;C:\Windows\System32\OpenSSH;C:\Program Files\Intel\WiFi\bin;C:\Program Files\Common Files\Intel\WirelessCommon;C:\Go\bin;C:\Program Files\Amazon\AWSCLI\bin;C:\Program Files\Git\cmd;C:\Program Files\nodejs;C:\Users\Ray Ouyang\AppData\Local\Microsoft\WindowsApps;C:\Users\Ray Ouyang\AppData\Local\Programs\Microsoft VS Code\bin;C:\Users\Ray Ouyang\AppData\Local\GitHubDesktop\bin;C:\Program Files\Git\usr\bin\vendor_perl;C:\Program Files\Git\usr\bin\core_perl;C:\Users\Ray Ouyang\AppData\Local\Yarn\bin;C:\Users\Ray Ouyang\AppData\Roaming\npm

Yarn version: 
  1.16.0

Node version: 
  10.16.0

Platform: 
  win32 x64

Trace: 
  Error: canceled
      at Interface.<anonymous> (C:\Program Files (x86)\Yarn\lib\cli.js:125850:13)
      at Interface.emit (events.js:198:13)
      at Interface._ttyWrite (readline.js:801:16)
      at ReadStream.onkeypress (readline.js:184:10)
      at ReadStream.emit (events.js:198:13)
      at emitKeys (internal/readline.js:424:14)
      at emitKeys.next (<anonymous>)
      at ReadStream.onData (readline.js:1075:36)
      at ReadStream.emit (events.js:198:13)
      at addChunk (_stream_readable.js:288:12)

npm manifest: 
  {
    "name": "client",
    "version": "1.0.0",
    "main": "index.js",
    "license": "MIT"
  }

yarn manifest: 
  No manifest

Lockfile: 
  No lockfile
